This file contains any messages produced by compilers while
running configure, to aid debugging if configure makes a mistake.

It was created by trng configure 4.19, which was
generated by GNU Autoconf 2.69.  Invocation command line was

  $ ./configure --prefix=/opt/trng

## --------- ##
## Platform. ##
## --------- ##

hostname = 1x-nat-vl932-172-30-193-99.wireless.umass.edu
uname -m = x86_64
uname -r = 16.6.0
uname -s = Darwin
uname -v = Darwin Kernel Version 16.6.0: Fri Apr 14 16:21:16 PDT 2017; root:xnu-3789.60.24~6/RELEASE_X86_64

/usr/bin/uname -p = i386
/bin/uname -X     = unknown

/bin/arch              = unknown
/usr/bin/arch -k       = unknown
/usr/convex/getsysinfo = unknown
/usr/bin/hostinfo      = Mach kernel version:
	 Darwin Kernel Version 16.6.0: Fri Apr 14 16:21:16 PDT 2017; root:xnu-3789.60.24~6/RELEASE_X86_64
Kernel configured for up to 8 processors.
4 processors are physically available.
8 processors are logically available.
Processor type: x86_64h (Intel x86-64h Haswell)
Processors active: 0 1 2 3 4 5 6 7
Primary memory available: 16.00 gigabytes
Default processor set: 397 tasks, 1431 threads, 8 processors
Load average: 1.17, Mach factor: 6.81
/bin/machine           = unknown
/usr/bin/oslevel       = unknown
/bin/universe          = unknown

PATH: /Library/Frameworks/Python.framework/Versions/3.5/bin
PATH: /usr/local/bin
PATH: /usr/bin
PATH: /bin
PATH: /usr/sbin
PATH: /sbin
PATH: /Library/TeX/texbin


## ----------- ##
## Core tests. ##
## ----------- ##

configure:2460: checking for a BSD-compatible install
configure:2528: result: /usr/bin/install -c
configure:2539: checking whether build environment is sane
configure:2594: result: yes
configure:2745: checking for a thread-safe mkdir -p
configure:2784: result: ./install-sh -c -d
configure:2791: checking for gawk
configure:2821: result: no
configure:2791: checking for mawk
configure:2821: result: no
configure:2791: checking for nawk
configure:2821: result: no
configure:2791: checking for awk
configure:2807: found /usr/bin/awk
configure:2818: result: awk
configure:2829: checking whether make sets $(MAKE)
configure:2851: result: yes
configure:2880: checking whether make supports nested variables
configure:2897: result: yes
configure:3099: checking for g++
configure:3115: found /usr/bin/g++
configure:3126: result: g++
configure:3153: checking for C++ compiler version
configure:3162: g++ --version >&5
Apple LLVM version 8.1.0 (clang-802.0.42)
Target: x86_64-apple-darwin16.6.0
Thread model: posix
InstalledDir: /Applications/Xcode.app/Contents/Developer/Toolchains/XcodeDefault.xctoolchain/usr/bin
Configured with: --prefix=/Applications/Xcode.app/Contents/Developer/usr --with-gxx-include-dir=/Applications/Xcode.app/Contents/Developer/Platforms/MacOSX.platform/Developer/SDKs/MacOSX10.12.sdk/usr/include/c++/4.2.1
configure:3173: $? = 0
configure:3162: g++ -v >&5
Configured with: --prefix=/Applications/Xcode.app/Contents/Developer/usr --with-gxx-include-dir=/Applications/Xcode.app/Contents/Developer/Platforms/MacOSX.platform/Developer/SDKs/MacOSX10.12.sdk/usr/include/c++/4.2.1
Apple LLVM version 8.1.0 (clang-802.0.42)
Target: x86_64-apple-darwin16.6.0
Thread model: posix
InstalledDir: /Applications/Xcode.app/Contents/Developer/Toolchains/XcodeDefault.xctoolchain/usr/bin
configure:3173: $? = 0
configure:3162: g++ -V >&5
clang: error: argument to '-V' is missing (expected 1 value)
clang: error: no input files
configure:3173: $? = 1
configure:3162: g++ -qversion >&5
clang: error: unknown argument: '-qversion'
clang: error: no input files
configure:3173: $? = 1
configure:3193: checking whether the C++ compiler works
configure:3215: g++    conftest.cpp  >&5
configure:3219: $? = 0
configure:3267: result: yes
configure:3270: checking for C++ compiler default output file name
configure:3272: result: a.out
configure:3278: checking for suffix of executables
configure:3285: g++ -o conftest    conftest.cpp  >&5
configure:3289: $? = 0
configure:3311: result: 
configure:3333: checking whether we are cross compiling
configure:3341: g++ -o conftest    conftest.cpp  >&5
configure:3345: $? = 0
configure:3352: ./conftest
configure:3356: $? = 0
configure:3371: result: no
configure:3376: checking for suffix of object files
configure:3398: g++ -c   conftest.cpp >&5
configure:3402: $? = 0
configure:3423: result: o
configure:3427: checking whether we are using the GNU C++ compiler
configure:3446: g++ -c   conftest.cpp >&5
configure:3446: $? = 0
configure:3455: result: yes
configure:3464: checking whether g++ accepts -g
configure:3484: g++ -c -g  conftest.cpp >&5
configure:3484: $? = 0
configure:3525: result: yes
configure:3559: checking for style of include used by make
configure:3587: result: GNU
configure:3613: checking dependency style of g++
configure:3724: result: gcc3
configure:3740: checking whether make sets $(MAKE)
configure:3762: result: yes
configure:3800: checking build system type
configure:3814: result: x86_64-apple-darwin16.6.0
configure:3834: checking host system type
configure:3847: result: x86_64-apple-darwin16.6.0
configure:3888: checking how to print strings
configure:3915: result: printf
configure:3984: checking for gcc
configure:4000: found /usr/bin/gcc
configure:4011: result: gcc
configure:4240: checking for C compiler version
configure:4249: gcc --version >&5
Apple LLVM version 8.1.0 (clang-802.0.42)
Target: x86_64-apple-darwin16.6.0
Thread model: posix
InstalledDir: /Applications/Xcode.app/Contents/Developer/Toolchains/XcodeDefault.xctoolchain/usr/bin
Configured with: --prefix=/Applications/Xcode.app/Contents/Developer/usr --with-gxx-include-dir=/Applications/Xcode.app/Contents/Developer/Platforms/MacOSX.platform/Developer/SDKs/MacOSX10.12.sdk/usr/include/c++/4.2.1
configure:4260: $? = 0
configure:4249: gcc -v >&5
Configured with: --prefix=/Applications/Xcode.app/Contents/Developer/usr --with-gxx-include-dir=/Applications/Xcode.app/Contents/Developer/Platforms/MacOSX.platform/Developer/SDKs/MacOSX10.12.sdk/usr/include/c++/4.2.1
Apple LLVM version 8.1.0 (clang-802.0.42)
Target: x86_64-apple-darwin16.6.0
Thread model: posix
InstalledDir: /Applications/Xcode.app/Contents/Developer/Toolchains/XcodeDefault.xctoolchain/usr/bin
configure:4260: $? = 0
configure:4249: gcc -V >&5
clang: error: argument to '-V' is missing (expected 1 value)
clang: error: no input files
configure:4260: $? = 1
configure:4249: gcc -qversion >&5
clang: error: unknown argument: '-qversion'
clang: error: no input files
configure:4260: $? = 1
configure:4264: checking whether we are using the GNU C compiler
configure:4283: gcc -c   conftest.c >&5
configure:4283: $? = 0
configure:4292: result: yes
configure:4301: checking whether gcc accepts -g
configure:4321: gcc -c -g  conftest.c >&5
configure:4321: $? = 0
configure:4362: result: yes
configure:4379: checking for gcc option to accept ISO C89
configure:4442: gcc  -c -g -O2  conftest.c >&5
configure:4442: $? = 0
configure:4455: result: none needed
configure:4480: checking whether gcc understands -c and -o together
configure:4502: gcc -c conftest.c -o conftest2.o
configure:4505: $? = 0
configure:4502: gcc -c conftest.c -o conftest2.o
configure:4505: $? = 0
configure:4517: result: yes
configure:4536: checking dependency style of gcc
configure:4647: result: gcc3
configure:4662: checking for a sed that does not truncate output
configure:4726: result: /usr/bin/sed
configure:4744: checking for grep that handles long lines and -e
configure:4802: result: /usr/bin/grep
configure:4807: checking for egrep
configure:4869: result: /usr/bin/grep -E
configure:4874: checking for fgrep
configure:4936: result: /usr/bin/grep -F
configure:4971: checking for ld used by gcc
configure:5038: result: /Applications/Xcode.app/Contents/Developer/Toolchains/XcodeDefault.xctoolchain/usr/bin/ld
configure:5045: checking if the linker (/Applications/Xcode.app/Contents/Developer/Toolchains/XcodeDefault.xctoolchain/usr/bin/ld) is GNU ld
configure:5060: result: no
configure:5072: checking for BSD- or MS-compatible name lister (nm)
configure:5121: result: /usr/bin/nm -B
configure:5251: checking the name lister (/usr/bin/nm -B) interface
configure:5258: g++ -c -g -O2  conftest.cpp >&5
configure:5261: /usr/bin/nm -B "conftest.o"
configure:5264: output
00000000000001f8 S _some_variable
configure:5271: result: BSD nm
configure:5274: checking whether ln -s works
configure:5278: result: yes
configure:5286: checking the maximum length of command line arguments
configure:5417: result: 196608
configure:5434: checking whether the shell understands some XSI constructs
configure:5444: result: yes
configure:5448: checking whether the shell understands "+="
configure:5454: result: yes
configure:5489: checking how to convert x86_64-apple-darwin16.6.0 file names to x86_64-apple-darwin16.6.0 format
configure:5529: result: func_convert_file_noop
configure:5536: checking how to convert x86_64-apple-darwin16.6.0 file names to toolchain format
configure:5556: result: func_convert_file_noop
configure:5563: checking for /Applications/Xcode.app/Contents/Developer/Toolchains/XcodeDefault.xctoolchain/usr/bin/ld option to reload object files
configure:5570: result: -r
configure:5644: checking for objdump
configure:5660: found /usr/bin/objdump
configure:5671: result: objdump
configure:5703: checking how to recognize dependent libraries
configure:5901: result: pass_all
configure:5986: checking for dlltool
configure:6016: result: no
configure:6046: checking how to associate runtime and link libraries
configure:6073: result: printf %s\n
configure:6134: checking for ar
configure:6150: found /usr/bin/ar
configure:6161: result: ar
configure:6198: checking for archiver @FILE support
configure:6215: g++ -c -g -O2  conftest.cpp >&5
configure:6215: $? = 0
configure:6218: ar cru libconftest.a @conftest.lst >&5
ar: @conftest.lst: No such file or directory
configure:6221: $? = 1
configure:6241: result: no
configure:6299: checking for strip
configure:6315: found /usr/bin/strip
configure:6326: result: strip
configure:6398: checking for ranlib
configure:6414: found /usr/bin/ranlib
configure:6425: result: ranlib
configure:6527: checking command to parse /usr/bin/nm -B output from gcc object
configure:6647: g++ -c -g -O2  conftest.cpp >&5
configure:6650: $? = 0
configure:6654: /usr/bin/nm -B conftest.o \| sed -n -e 's/^.*[ ]\([BCDEGRST][BCDEGRST]*\)[ ][ ]*\([_A-Za-z][_A-Za-z0-9]*\)$/\1 \2 \2/p' | sed '/ __gnu_lto/d' \> conftest.nm
configure:6657: $? = 0
cannot find nm_test_var in conftest.nm
configure:6647: g++ -c -g -O2  conftest.cpp >&5
configure:6650: $? = 0
configure:6654: /usr/bin/nm -B conftest.o \| sed -n -e 's/^.*[ ]\([BCDEGRST][BCDEGRST]*\)[ ][ ]*_\([_A-Za-z][_A-Za-z0-9]*\)$/\1 _\2 \2/p' | sed '/ __gnu_lto/d' \> conftest.nm
configure:6657: $? = 0
configure:6723: g++ -o conftest -g -O2   conftest.cpp conftstm.o >&5
configure:6726: $? = 0
configure:6764: result: ok
configure:6801: checking for sysroot
configure:6831: result: no
configure:7101: checking for mt
configure:7131: result: no
configure:7151: checking if : is a manifest tool
configure:7157: : '-?'
configure:7165: result: no
configure:7221: checking for dsymutil
configure:7237: found /usr/bin/dsymutil
configure:7248: result: dsymutil
configure:7313: checking for nmedit
configure:7329: found /usr/bin/nmedit
configure:7340: result: nmedit
configure:7405: checking for lipo
configure:7421: found /usr/bin/lipo
configure:7432: result: lipo
configure:7497: checking for otool
configure:7513: found /usr/bin/otool
configure:7524: result: otool
configure:7589: checking for otool64
configure:7619: result: no
configure:7664: checking for -single_module linker flag
gcc -g -O2  -o libconftest.dylib -dynamiclib -Wl,-single_module conftest.c
configure:7697: result: yes
configure:7700: checking for -exported_symbols_list linker flag
configure:7720: g++ -o conftest -g -O2   -Wl,-exported_symbols_list,conftest.sym conftest.cpp  >&5
configure:7720: $? = 0
configure:7730: result: yes
configure:7733: checking for -force_load linker flag
gcc -g -O2 -c -o conftest.o conftest.c
ar cru libconftest.a conftest.o
ranlib libconftest.a
gcc -g -O2  -o conftest conftest.c -Wl,-force_load,./libconftest.a
configure:7765: result: yes
configure:7807: checking how to run the C preprocessor
configure:7838: gcc -E  conftest.c
configure:7838: $? = 0
configure:7852: gcc -E  conftest.c
conftest.c:12:10: fatal error: 'ac_nonexistent.h' file not found
#include <ac_nonexistent.h>
         ^
1 error generated.
configure:7852: $? = 1
configure: failed program was:
| /* confdefs.h */
| #define PACKAGE_NAME "trng"
| #define PACKAGE_TARNAME "trng"
| #define PACKAGE_VERSION "4.19"
| #define PACKAGE_STRING "trng 4.19"
| #define PACKAGE_BUGREPORT "trng@mail.de"
| #define PACKAGE_URL ""
| #define PACKAGE "trng"
| #define VERSION "4.19"
| #define TRNG_VERSION 4.19
| /* end confdefs.h.  */
| #include <ac_nonexistent.h>
configure:7877: result: gcc -E
configure:7897: gcc -E  conftest.c
configure:7897: $? = 0
configure:7911: gcc -E  conftest.c
conftest.c:12:10: fatal error: 'ac_nonexistent.h' file not found
#include <ac_nonexistent.h>
         ^
1 error generated.
configure:7911: $? = 1
configure: failed program was:
| /* confdefs.h */
| #define PACKAGE_NAME "trng"
| #define PACKAGE_TARNAME "trng"
| #define PACKAGE_VERSION "4.19"
| #define PACKAGE_STRING "trng 4.19"
| #define PACKAGE_BUGREPORT "trng@mail.de"
| #define PACKAGE_URL ""
| #define PACKAGE "trng"
| #define VERSION "4.19"
| #define TRNG_VERSION 4.19
| /* end confdefs.h.  */
| #include <ac_nonexistent.h>
configure:7940: checking for ANSI C header files
configure:7960: gcc -c -g -O2  conftest.c >&5
configure:7960: $? = 0
configure:8033: gcc -o conftest -g -O2   conftest.c  >&5
configure:8033: $? = 0
configure:8033: ./conftest
configure:8033: $? = 0
configure:8044: result: yes
configure:8057: checking for sys/types.h
configure:8057: gcc -c -g -O2  conftest.c >&5
configure:8057: $? = 0
configure:8057: result: yes
configure:8057: checking for sys/stat.h
configure:8057: gcc -c -g -O2  conftest.c >&5
configure:8057: $? = 0
configure:8057: result: yes
configure:8057: checking for stdlib.h
configure:8057: gcc -c -g -O2  conftest.c >&5
configure:8057: $? = 0
configure:8057: result: yes
configure:8057: checking for string.h
configure:8057: gcc -c -g -O2  conftest.c >&5
configure:8057: $? = 0
configure:8057: result: yes
configure:8057: checking for memory.h
configure:8057: gcc -c -g -O2  conftest.c >&5
configure:8057: $? = 0
configure:8057: result: yes
configure:8057: checking for strings.h
configure:8057: gcc -c -g -O2  conftest.c >&5
configure:8057: $? = 0
configure:8057: result: yes
configure:8057: checking for inttypes.h
configure:8057: gcc -c -g -O2  conftest.c >&5
configure:8057: $? = 0
configure:8057: result: yes
configure:8057: checking for stdint.h
configure:8057: gcc -c -g -O2  conftest.c >&5
configure:8057: $? = 0
configure:8057: result: yes
configure:8057: checking for unistd.h
configure:8057: gcc -c -g -O2  conftest.c >&5
configure:8057: $? = 0
configure:8057: result: yes
configure:8071: checking for dlfcn.h
configure:8071: gcc -c -g -O2  conftest.c >&5
configure:8071: $? = 0
configure:8071: result: yes
configure:8287: checking for objdir
configure:8302: result: .libs
configure:8569: checking if gcc supports -fno-rtti -fno-exceptions
configure:8587: gcc -c -g -O2  -fno-rtti -fno-exceptions conftest.c >&5
configure:8591: $? = 0
configure:8604: result: yes
configure:8931: checking for gcc option to produce PIC
configure:8938: result: -fno-common -DPIC
configure:8946: checking if gcc PIC flag -fno-common -DPIC works
configure:8964: gcc -c -g -O2  -fno-common -DPIC -DPIC conftest.c >&5
configure:8968: $? = 0
configure:8981: result: yes
configure:9010: checking if gcc static flag -static works
configure:9038: result: no
configure:9053: checking if gcc supports -c -o file.o
configure:9074: gcc -c -g -O2  -o out/conftest2.o conftest.c >&5
configure:9078: $? = 0
configure:9100: result: yes
configure:9108: checking if gcc supports -c -o file.o
configure:9155: result: yes
configure:9188: checking whether the gcc linker (/Applications/Xcode.app/Contents/Developer/Toolchains/XcodeDefault.xctoolchain/usr/bin/ld) supports shared libraries
configure:10345: result: yes
configure:10585: checking dynamic linker characteristics
configure:11319: result: darwin16.6.0 dyld
configure:11426: checking how to hardcode library paths into programs
configure:11451: result: immediate
configure:11991: checking whether stripping libraries is possible
configure:12005: result: yes
configure:12031: checking if libtool supports shared libraries
configure:12033: result: yes
configure:12036: checking whether to build shared libraries
configure:12057: result: yes
configure:12060: checking whether to build static libraries
configure:12064: result: yes
configure:12087: checking how to run the C++ preprocessor
configure:12114: g++ -E  conftest.cpp
configure:12114: $? = 0
configure:12128: g++ -E  conftest.cpp
conftest.cpp:24:10: fatal error: 'ac_nonexistent.h' file not found
#include <ac_nonexistent.h>
         ^
1 error generated.
configure:12128: $? = 1
configure: failed program was:
| /* confdefs.h */
| #define PACKAGE_NAME "trng"
| #define PACKAGE_TARNAME "trng"
| #define PACKAGE_VERSION "4.19"
| #define PACKAGE_STRING "trng 4.19"
| #define PACKAGE_BUGREPORT "trng@mail.de"
| #define PACKAGE_URL ""
| #define PACKAGE "trng"
| #define VERSION "4.19"
| #define TRNG_VERSION 4.19
| #define STDC_HEADERS 1
| #define HAVE_SYS_TYPES_H 1
| #define HAVE_SYS_STAT_H 1
| #define HAVE_STDLIB_H 1
| #define HAVE_STRING_H 1
| #define HAVE_MEMORY_H 1
| #define HAVE_STRINGS_H 1
| #define HAVE_INTTYPES_H 1
| #define HAVE_STDINT_H 1
| #define HAVE_UNISTD_H 1
| #define HAVE_DLFCN_H 1
| #define LT_OBJDIR ".libs/"
| /* end confdefs.h.  */
| #include <ac_nonexistent.h>
configure:12153: result: g++ -E
configure:12173: g++ -E  conftest.cpp
configure:12173: $? = 0
configure:12187: g++ -E  conftest.cpp
conftest.cpp:24:10: fatal error: 'ac_nonexistent.h' file not found
#include <ac_nonexistent.h>
         ^
1 error generated.
configure:12187: $? = 1
configure: failed program was:
| /* confdefs.h */
| #define PACKAGE_NAME "trng"
| #define PACKAGE_TARNAME "trng"
| #define PACKAGE_VERSION "4.19"
| #define PACKAGE_STRING "trng 4.19"
| #define PACKAGE_BUGREPORT "trng@mail.de"
| #define PACKAGE_URL ""
| #define PACKAGE "trng"
| #define VERSION "4.19"
| #define TRNG_VERSION 4.19
| #define STDC_HEADERS 1
| #define HAVE_SYS_TYPES_H 1
| #define HAVE_SYS_STAT_H 1
| #define HAVE_STDLIB_H 1
| #define HAVE_STRING_H 1
| #define HAVE_MEMORY_H 1
| #define HAVE_STRINGS_H 1
| #define HAVE_INTTYPES_H 1
| #define HAVE_STDINT_H 1
| #define HAVE_UNISTD_H 1
| #define HAVE_DLFCN_H 1
| #define LT_OBJDIR ".libs/"
| /* end confdefs.h.  */
| #include <ac_nonexistent.h>
configure:12356: checking for ld used by g++
configure:12423: result: /Applications/Xcode.app/Contents/Developer/Toolchains/XcodeDefault.xctoolchain/usr/bin/ld
configure:12430: checking if the linker (/Applications/Xcode.app/Contents/Developer/Toolchains/XcodeDefault.xctoolchain/usr/bin/ld) is GNU ld
configure:12445: result: no
configure:12500: checking whether the g++ linker (/Applications/Xcode.app/Contents/Developer/Toolchains/XcodeDefault.xctoolchain/usr/bin/ld) supports shared libraries
configure:13502: result: yes
configure:13538: g++ -c -g -O2  conftest.cpp >&5
configure:13541: $? = 0
configure:14061: checking for g++ option to produce PIC
configure:14068: result: -fno-common -DPIC
configure:14076: checking if g++ PIC flag -fno-common -DPIC works
configure:14094: g++ -c -g -O2  -fno-common -DPIC -DPIC conftest.cpp >&5
configure:14098: $? = 0
configure:14111: result: yes
configure:14134: checking if g++ static flag -static works
configure:14162: result: no
configure:14174: checking if g++ supports -c -o file.o
configure:14195: g++ -c -g -O2  -o out/conftest2.o conftest.cpp >&5
configure:14199: $? = 0
configure:14221: result: yes
configure:14226: checking if g++ supports -c -o file.o
configure:14273: result: yes
configure:14303: checking whether the g++ linker (/Applications/Xcode.app/Contents/Developer/Toolchains/XcodeDefault.xctoolchain/usr/bin/ld) supports shared libraries
configure:14342: result: yes
configure:14483: checking dynamic linker characteristics
configure:15151: result: darwin16.6.0 dyld
configure:15204: checking how to hardcode library paths into programs
configure:15229: result: immediate
configure:15292: checking whether the compiler recognizes long long as a built-in type
configure:15319: g++ -c -g -O2  conftest.cpp >&5
configure:15319: $? = 0
configure:15333: result: yes
configure:15385: checking for the Boost C++ libraries, version 103000 or newer
configure:15400: g++ -c -g -O2   conftest.cpp >&5
conftest.cpp:26:10: fatal error: 'boost/version.hpp' file not found
#include <boost/version.hpp>
         ^
1 error generated.
configure:15400: $? = 1
configure: failed program was:
| /* confdefs.h */
| #define PACKAGE_NAME "trng"
| #define PACKAGE_TARNAME "trng"
| #define PACKAGE_VERSION "4.19"
| #define PACKAGE_STRING "trng 4.19"
| #define PACKAGE_BUGREPORT "trng@mail.de"
| #define PACKAGE_URL ""
| #define PACKAGE "trng"
| #define VERSION "4.19"
| #define TRNG_VERSION 4.19
| #define STDC_HEADERS 1
| #define HAVE_SYS_TYPES_H 1
| #define HAVE_SYS_STAT_H 1
| #define HAVE_STDLIB_H 1
| #define HAVE_STRING_H 1
| #define HAVE_MEMORY_H 1
| #define HAVE_STRINGS_H 1
| #define HAVE_INTTYPES_H 1
| #define HAVE_STDINT_H 1
| #define HAVE_UNISTD_H 1
| #define HAVE_DLFCN_H 1
| #define LT_OBJDIR ".libs/"
| #define TRNG_HAVE_LONG_LONG /**/
| /* end confdefs.h.  */
| 
| #include <boost/version.hpp>
| 
| int
| main ()
| {
| 
|   ;
|   return 0;
| }
configure:15406: result: no
configure:15477: checking for mpic++
configure:15507: result: no
configure:15477: checking for mpiCC
configure:15507: result: no
configure:15477: checking for mpicxx
configure:15507: result: no
configure:15477: checking for mpCC
configure:15507: result: no
configure:15477: checking for hcp
configure:15507: result: no
configure:15477: checking for mpxlC
configure:15507: result: no
configure:15477: checking for mpxlC_r
configure:15507: result: no
configure:15477: checking for cmpic++
configure:15507: result: no
configure:15522: checking for MPI_Init
configure:15522: g++ -o conftest -g -O2   conftest.cpp  >&5
Undefined symbols for architecture x86_64:
  "_MPI_Init", referenced from:
      _main in conftest-10870b.o
ld: symbol(s) not found for architecture x86_64
clang: error: linker command failed with exit code 1 (use -v to see invocation)
configure:15522: $? = 1
configure: failed program was:
| /* confdefs.h */
| #define PACKAGE_NAME "trng"
| #define PACKAGE_TARNAME "trng"
| #define PACKAGE_VERSION "4.19"
| #define PACKAGE_STRING "trng 4.19"
| #define PACKAGE_BUGREPORT "trng@mail.de"
| #define PACKAGE_URL ""
| #define PACKAGE "trng"
| #define VERSION "4.19"
| #define TRNG_VERSION 4.19
| #define STDC_HEADERS 1
| #define HAVE_SYS_TYPES_H 1
| #define HAVE_SYS_STAT_H 1
| #define HAVE_STDLIB_H 1
| #define HAVE_STRING_H 1
| #define HAVE_MEMORY_H 1
| #define HAVE_STRINGS_H 1
| #define HAVE_INTTYPES_H 1
| #define HAVE_STDINT_H 1
| #define HAVE_UNISTD_H 1
| #define HAVE_DLFCN_H 1
| #define LT_OBJDIR ".libs/"
| #define TRNG_HAVE_LONG_LONG /**/
| /* end confdefs.h.  */
| /* Define MPI_Init to an innocuous variant, in case <limits.h> declares MPI_Init.
|    For example, HP-UX 11i <limits.h> declares gettimeofday.  */
| #define MPI_Init innocuous_MPI_Init
| 
| /* System header to define __stub macros and hopefully few prototypes,
|     which can conflict with char MPI_Init (); below.
|     Prefer <limits.h> to <assert.h> if __STDC__ is defined, since
|     <limits.h> exists even on freestanding compilers.  */
| 
| #ifdef __STDC__
| # include <limits.h>
| #else
| # include <assert.h>
| #endif
| 
| #undef MPI_Init
| 
| /* Override any GCC internal prototype to avoid an error.
|    Use char because int might match the return type of a GCC
|    builtin and then its argument prototype would still apply.  */
| #ifdef __cplusplus
| extern "C"
| #endif
| char MPI_Init ();
| /* The GNU C library defines this for functions which it implements
|     to always fail with ENOSYS.  Some functions are actually named
|     something starting with __ and the normal name is an alias.  */
| #if defined __stub_MPI_Init || defined __stub___MPI_Init
| choke me
| #endif
| 
| int
| main ()
| {
| return MPI_Init ();
|   ;
|   return 0;
| }
configure:15522: result: no
configure:15529: checking for MPI_Init in -lmpi
configure:15554: g++ -o conftest -g -O2   conftest.cpp -lmpi   >&5
ld: library not found for -lmpi
clang: error: linker command failed with exit code 1 (use -v to see invocation)
configure:15554: $? = 1
configure: failed program was:
| /* confdefs.h */
| #define PACKAGE_NAME "trng"
| #define PACKAGE_TARNAME "trng"
| #define PACKAGE_VERSION "4.19"
| #define PACKAGE_STRING "trng 4.19"
| #define PACKAGE_BUGREPORT "trng@mail.de"
| #define PACKAGE_URL ""
| #define PACKAGE "trng"
| #define VERSION "4.19"
| #define TRNG_VERSION 4.19
| #define STDC_HEADERS 1
| #define HAVE_SYS_TYPES_H 1
| #define HAVE_SYS_STAT_H 1
| #define HAVE_STDLIB_H 1
| #define HAVE_STRING_H 1
| #define HAVE_MEMORY_H 1
| #define HAVE_STRINGS_H 1
| #define HAVE_INTTYPES_H 1
| #define HAVE_STDINT_H 1
| #define HAVE_UNISTD_H 1
| #define HAVE_DLFCN_H 1
| #define LT_OBJDIR ".libs/"
| #define TRNG_HAVE_LONG_LONG /**/
| /* end confdefs.h.  */
| 
| /* Override any GCC internal prototype to avoid an error.
|    Use char because int might match the return type of a GCC
|    builtin and then its argument prototype would still apply.  */
| #ifdef __cplusplus
| extern "C"
| #endif
| char MPI_Init ();
| int
| main ()
| {
| return MPI_Init ();
|   ;
|   return 0;
| }
configure:15563: result: no
configure:15571: checking for MPI_Init in -lmpich
configure:15596: g++ -o conftest -g -O2   conftest.cpp -lmpich   >&5
ld: library not found for -lmpich
clang: error: linker command failed with exit code 1 (use -v to see invocation)
configure:15596: $? = 1
configure: failed program was:
| /* confdefs.h */
| #define PACKAGE_NAME "trng"
| #define PACKAGE_TARNAME "trng"
| #define PACKAGE_VERSION "4.19"
| #define PACKAGE_STRING "trng 4.19"
| #define PACKAGE_BUGREPORT "trng@mail.de"
| #define PACKAGE_URL ""
| #define PACKAGE "trng"
| #define VERSION "4.19"
| #define TRNG_VERSION 4.19
| #define STDC_HEADERS 1
| #define HAVE_SYS_TYPES_H 1
| #define HAVE_SYS_STAT_H 1
| #define HAVE_STDLIB_H 1
| #define HAVE_STRING_H 1
| #define HAVE_MEMORY_H 1
| #define HAVE_STRINGS_H 1
| #define HAVE_INTTYPES_H 1
| #define HAVE_STDINT_H 1
| #define HAVE_UNISTD_H 1
| #define HAVE_DLFCN_H 1
| #define LT_OBJDIR ".libs/"
| #define TRNG_HAVE_LONG_LONG /**/
| /* end confdefs.h.  */
| 
| /* Override any GCC internal prototype to avoid an error.
|    Use char because int might match the return type of a GCC
|    builtin and then its argument prototype would still apply.  */
| #ifdef __cplusplus
| extern "C"
| #endif
| char MPI_Init ();
| int
| main ()
| {
| return MPI_Init ();
|   ;
|   return 0;
| }
configure:15605: result: no
configure:15655: checking for OpenMP flag of C++ compiler
configure:15695: g++ -o conftest -g -O2 -fopenmp   conftest.cpp  >&5
clang: error: unsupported option '-fopenmp'
clang: error: unsupported option '-fopenmp'
configure:15695: $? = 1
configure: failed program was:
| /* confdefs.h */
| #define PACKAGE_NAME "trng"
| #define PACKAGE_TARNAME "trng"
| #define PACKAGE_VERSION "4.19"
| #define PACKAGE_STRING "trng 4.19"
| #define PACKAGE_BUGREPORT "trng@mail.de"
| #define PACKAGE_URL ""
| #define PACKAGE "trng"
| #define VERSION "4.19"
| #define TRNG_VERSION 4.19
| #define STDC_HEADERS 1
| #define HAVE_SYS_TYPES_H 1
| #define HAVE_SYS_STAT_H 1
| #define HAVE_STDLIB_H 1
| #define HAVE_STRING_H 1
| #define HAVE_MEMORY_H 1
| #define HAVE_STRINGS_H 1
| #define HAVE_INTTYPES_H 1
| #define HAVE_STDINT_H 1
| #define HAVE_UNISTD_H 1
| #define HAVE_DLFCN_H 1
| #define LT_OBJDIR ".libs/"
| #define TRNG_HAVE_LONG_LONG /**/
| /* end confdefs.h.  */
| #ifdef __cplusplus
| extern "C"
| #endif
| void omp_set_num_threads(int);
| int
| main ()
| {
| const int N = 100000;
|   int i, arr[N];
| 
|   omp_set_num_threads(2);
| 
|   #pragma omp parallel for
|   for (i = 0; i < N; i++) {
|     arr[i] = i;
|   }
|   ;
|   return 0;
| }
configure:15695: g++ -o conftest -g -O2 -openmp   conftest.cpp  >&5
Undefined symbols for architecture x86_64:
  "_omp_set_num_threads", referenced from:
      _main in conftest-e19406.o
ld: symbol(s) not found for architecture x86_64
clang: error: linker command failed with exit code 1 (use -v to see invocation)
configure:15695: $? = 1
configure: failed program was:
| /* confdefs.h */
| #define PACKAGE_NAME "trng"
| #define PACKAGE_TARNAME "trng"
| #define PACKAGE_VERSION "4.19"
| #define PACKAGE_STRING "trng 4.19"
| #define PACKAGE_BUGREPORT "trng@mail.de"
| #define PACKAGE_URL ""
| #define PACKAGE "trng"
| #define VERSION "4.19"
| #define TRNG_VERSION 4.19
| #define STDC_HEADERS 1
| #define HAVE_SYS_TYPES_H 1
| #define HAVE_SYS_STAT_H 1
| #define HAVE_STDLIB_H 1
| #define HAVE_STRING_H 1
| #define HAVE_MEMORY_H 1
| #define HAVE_STRINGS_H 1
| #define HAVE_INTTYPES_H 1
| #define HAVE_STDINT_H 1
| #define HAVE_UNISTD_H 1
| #define HAVE_DLFCN_H 1
| #define LT_OBJDIR ".libs/"
| #define TRNG_HAVE_LONG_LONG /**/
| /* end confdefs.h.  */
| #ifdef __cplusplus
| extern "C"
| #endif
| void omp_set_num_threads(int);
| int
| main ()
| {
| const int N = 100000;
|   int i, arr[N];
| 
|   omp_set_num_threads(2);
| 
|   #pragma omp parallel for
|   for (i = 0; i < N; i++) {
|     arr[i] = i;
|   }
|   ;
|   return 0;
| }
configure:15695: g++ -o conftest -g -O2 -mp   conftest.cpp  >&5
clang: error: unknown argument: '-mp'
configure:15695: $? = 1
configure: failed program was:
| /* confdefs.h */
| #define PACKAGE_NAME "trng"
| #define PACKAGE_TARNAME "trng"
| #define PACKAGE_VERSION "4.19"
| #define PACKAGE_STRING "trng 4.19"
| #define PACKAGE_BUGREPORT "trng@mail.de"
| #define PACKAGE_URL ""
| #define PACKAGE "trng"
| #define VERSION "4.19"
| #define TRNG_VERSION 4.19
| #define STDC_HEADERS 1
| #define HAVE_SYS_TYPES_H 1
| #define HAVE_SYS_STAT_H 1
| #define HAVE_STDLIB_H 1
| #define HAVE_STRING_H 1
| #define HAVE_MEMORY_H 1
| #define HAVE_STRINGS_H 1
| #define HAVE_INTTYPES_H 1
| #define HAVE_STDINT_H 1
| #define HAVE_UNISTD_H 1
| #define HAVE_DLFCN_H 1
| #define LT_OBJDIR ".libs/"
| #define TRNG_HAVE_LONG_LONG /**/
| /* end confdefs.h.  */
| #ifdef __cplusplus
| extern "C"
| #endif
| void omp_set_num_threads(int);
| int
| main ()
| {
| const int N = 100000;
|   int i, arr[N];
| 
|   omp_set_num_threads(2);
| 
|   #pragma omp parallel for
|   for (i = 0; i < N; i++) {
|     arr[i] = i;
|   }
|   ;
|   return 0;
| }
configure:15695: g++ -o conftest -g -O2 -xopenmp   conftest.cpp  >&5
clang: error: language not recognized: 'openmp'
configure:15695: $? = 1
configure: failed program was:
| /* confdefs.h */
| #define PACKAGE_NAME "trng"
| #define PACKAGE_TARNAME "trng"
| #define PACKAGE_VERSION "4.19"
| #define PACKAGE_STRING "trng 4.19"
| #define PACKAGE_BUGREPORT "trng@mail.de"
| #define PACKAGE_URL ""
| #define PACKAGE "trng"
| #define VERSION "4.19"
| #define TRNG_VERSION 4.19
| #define STDC_HEADERS 1
| #define HAVE_SYS_TYPES_H 1
| #define HAVE_SYS_STAT_H 1
| #define HAVE_STDLIB_H 1
| #define HAVE_STRING_H 1
| #define HAVE_MEMORY_H 1
| #define HAVE_STRINGS_H 1
| #define HAVE_INTTYPES_H 1
| #define HAVE_STDINT_H 1
| #define HAVE_UNISTD_H 1
| #define HAVE_DLFCN_H 1
| #define LT_OBJDIR ".libs/"
| #define TRNG_HAVE_LONG_LONG /**/
| /* end confdefs.h.  */
| #ifdef __cplusplus
| extern "C"
| #endif
| void omp_set_num_threads(int);
| int
| main ()
| {
| const int N = 100000;
|   int i, arr[N];
| 
|   omp_set_num_threads(2);
| 
|   #pragma omp parallel for
|   for (i = 0; i < N; i++) {
|     arr[i] = i;
|   }
|   ;
|   return 0;
| }
configure:15695: g++ -o conftest -g -O2 -omp   conftest.cpp  >&5
Undefined symbols for architecture x86_64:
  "_omp_set_num_threads", referenced from:
      _main in conftest-f87f3d.o
ld: symbol(s) not found for architecture x86_64
clang: error: linker command failed with exit code 1 (use -v to see invocation)
configure:15695: $? = 1
configure: failed program was:
| /* confdefs.h */
| #define PACKAGE_NAME "trng"
| #define PACKAGE_TARNAME "trng"
| #define PACKAGE_VERSION "4.19"
| #define PACKAGE_STRING "trng 4.19"
| #define PACKAGE_BUGREPORT "trng@mail.de"
| #define PACKAGE_URL ""
| #define PACKAGE "trng"
| #define VERSION "4.19"
| #define TRNG_VERSION 4.19
| #define STDC_HEADERS 1
| #define HAVE_SYS_TYPES_H 1
| #define HAVE_SYS_STAT_H 1
| #define HAVE_STDLIB_H 1
| #define HAVE_STRING_H 1
| #define HAVE_MEMORY_H 1
| #define HAVE_STRINGS_H 1
| #define HAVE_INTTYPES_H 1
| #define HAVE_STDINT_H 1
| #define HAVE_UNISTD_H 1
| #define HAVE_DLFCN_H 1
| #define LT_OBJDIR ".libs/"
| #define TRNG_HAVE_LONG_LONG /**/
| /* end confdefs.h.  */
| #ifdef __cplusplus
| extern "C"
| #endif
| void omp_set_num_threads(int);
| int
| main ()
| {
| const int N = 100000;
|   int i, arr[N];
| 
|   omp_set_num_threads(2);
| 
|   #pragma omp parallel for
|   for (i = 0; i < N; i++) {
|     arr[i] = i;
|   }
|   ;
|   return 0;
| }
configure:15695: g++ -o conftest -g -O2 -qsmp=omp   conftest.cpp  >&5
clang: error: unknown argument: '-qsmp=omp'
configure:15695: $? = 1
configure: failed program was:
| /* confdefs.h */
| #define PACKAGE_NAME "trng"
| #define PACKAGE_TARNAME "trng"
| #define PACKAGE_VERSION "4.19"
| #define PACKAGE_STRING "trng 4.19"
| #define PACKAGE_BUGREPORT "trng@mail.de"
| #define PACKAGE_URL ""
| #define PACKAGE "trng"
| #define VERSION "4.19"
| #define TRNG_VERSION 4.19
| #define STDC_HEADERS 1
| #define HAVE_SYS_TYPES_H 1
| #define HAVE_SYS_STAT_H 1
| #define HAVE_STDLIB_H 1
| #define HAVE_STRING_H 1
| #define HAVE_MEMORY_H 1
| #define HAVE_STRINGS_H 1
| #define HAVE_INTTYPES_H 1
| #define HAVE_STDINT_H 1
| #define HAVE_UNISTD_H 1
| #define HAVE_DLFCN_H 1
| #define LT_OBJDIR ".libs/"
| #define TRNG_HAVE_LONG_LONG /**/
| /* end confdefs.h.  */
| #ifdef __cplusplus
| extern "C"
| #endif
| void omp_set_num_threads(int);
| int
| main ()
| {
| const int N = 100000;
|   int i, arr[N];
| 
|   omp_set_num_threads(2);
| 
|   #pragma omp parallel for
|   for (i = 0; i < N; i++) {
|     arr[i] = i;
|   }
|   ;
|   return 0;
| }
configure:15695: g++ -o conftest    conftest.cpp  >&5
Undefined symbols for architecture x86_64:
  "_omp_set_num_threads", referenced from:
      _main in conftest-18b0cc.o
ld: symbol(s) not found for architecture x86_64
clang: error: linker command failed with exit code 1 (use -v to see invocation)
configure:15695: $? = 1
configure: failed program was:
| /* confdefs.h */
| #define PACKAGE_NAME "trng"
| #define PACKAGE_TARNAME "trng"
| #define PACKAGE_VERSION "4.19"
| #define PACKAGE_STRING "trng 4.19"
| #define PACKAGE_BUGREPORT "trng@mail.de"
| #define PACKAGE_URL ""
| #define PACKAGE "trng"
| #define VERSION "4.19"
| #define TRNG_VERSION 4.19
| #define STDC_HEADERS 1
| #define HAVE_SYS_TYPES_H 1
| #define HAVE_SYS_STAT_H 1
| #define HAVE_STDLIB_H 1
| #define HAVE_STRING_H 1
| #define HAVE_MEMORY_H 1
| #define HAVE_STRINGS_H 1
| #define HAVE_INTTYPES_H 1
| #define HAVE_STDINT_H 1
| #define HAVE_UNISTD_H 1
| #define HAVE_DLFCN_H 1
| #define LT_OBJDIR ".libs/"
| #define TRNG_HAVE_LONG_LONG /**/
| /* end confdefs.h.  */
| #ifdef __cplusplus
| extern "C"
| #endif
| void omp_set_num_threads(int);
| int
| main ()
| {
| const int N = 100000;
|   int i, arr[N];
| 
|   omp_set_num_threads(2);
| 
|   #pragma omp parallel for
|   for (i = 0; i < N; i++) {
|     arr[i] = i;
|   }
|   ;
|   return 0;
| }
configure:15704: result: unknown
configure:15726: checking for erff
configure:15726: g++ -o conftest -g -O2   conftest.cpp  >&5
configure:15726: $? = 0
configure:15726: result: yes
configure:15741: checking for erf
configure:15741: g++ -o conftest -g -O2   conftest.cpp  >&5
configure:15741: $? = 0
configure:15741: result: yes
configure:15754: checking for erfl
configure:15754: g++ -o conftest -g -O2   conftest.cpp  >&5
configure:15754: $? = 0
configure:15754: result: yes
configure:15767: checking for erfcf
configure:15767: g++ -o conftest -g -O2   conftest.cpp  >&5
configure:15767: $? = 0
configure:15767: result: yes
configure:15780: checking for erfc
configure:15780: g++ -o conftest -g -O2   conftest.cpp  >&5
configure:15780: $? = 0
configure:15780: result: yes
configure:15793: checking for erfcl
configure:15793: g++ -o conftest -g -O2   conftest.cpp  >&5
configure:15793: $? = 0
configure:15793: result: yes
configure:15806: checking for tgammaf
configure:15806: g++ -o conftest -g -O2   conftest.cpp  >&5
configure:15806: $? = 0
configure:15806: result: yes
configure:15819: checking for tgamma
configure:15819: g++ -o conftest -g -O2   conftest.cpp  >&5
configure:15819: $? = 0
configure:15819: result: yes
configure:15832: checking for tgammal
configure:15832: g++ -o conftest -g -O2   conftest.cpp  >&5
configure:15832: $? = 0
configure:15832: result: yes
configure:15845: checking for lgammaf
configure:15845: g++ -o conftest -g -O2   conftest.cpp  >&5
configure:15845: $? = 0
configure:15845: result: yes
configure:15858: checking for lgamma
configure:15858: g++ -o conftest -g -O2   conftest.cpp  >&5
configure:15858: $? = 0
configure:15858: result: yes
configure:15871: checking for lgammal
configure:15871: g++ -o conftest -g -O2   conftest.cpp  >&5
configure:15871: $? = 0
configure:15871: result: yes
configure:15890: checking tbb/parallel_for.h usability
configure:15890: g++ -c -g -O2  conftest.cpp >&5
conftest.cpp:82:10: fatal error: 'tbb/parallel_for.h' file not found
#include <tbb/parallel_for.h>
         ^
1 error generated.
configure:15890: $? = 1
configure: failed program was:
| /* confdefs.h */
| #define PACKAGE_NAME "trng"
| #define PACKAGE_TARNAME "trng"
| #define PACKAGE_VERSION "4.19"
| #define PACKAGE_STRING "trng 4.19"
| #define PACKAGE_BUGREPORT "trng@mail.de"
| #define PACKAGE_URL ""
| #define PACKAGE "trng"
| #define VERSION "4.19"
| #define TRNG_VERSION 4.19
| #define STDC_HEADERS 1
| #define HAVE_SYS_TYPES_H 1
| #define HAVE_SYS_STAT_H 1
| #define HAVE_STDLIB_H 1
| #define HAVE_STRING_H 1
| #define HAVE_MEMORY_H 1
| #define HAVE_STRINGS_H 1
| #define HAVE_INTTYPES_H 1
| #define HAVE_STDINT_H 1
| #define HAVE_UNISTD_H 1
| #define HAVE_DLFCN_H 1
| #define LT_OBJDIR ".libs/"
| #define TRNG_HAVE_LONG_LONG /**/
| #define HAVE_ERFF 1
| #define TRNG_HAVE_ERFF 1
| #define HAVE_ERF 1
| #define TRNG_HAVE_ERF 1
| #define HAVE_ERFL 1
| #define TRNG_HAVE_ERFL 1
| #define HAVE_ERFCF 1
| #define TRNG_HAVE_ERFCF 1
| #define HAVE_ERFC 1
| #define TRNG_HAVE_ERFC 1
| #define HAVE_ERFCL 1
| #define TRNG_HAVE_ERFCL 1
| #define HAVE_TGAMMAF 1
| #define TRNG_HAVE_TGAMMAF 1
| #define HAVE_TGAMMA 1
| #define TRNG_HAVE_TGAMMA 1
| #define HAVE_TGAMMAL 1
| #define TRNG_HAVE_TGAMMAL 1
| #define HAVE_LGAMMAF 1
| #define TRNG_HAVE_LGAMMAF 1
| #define HAVE_LGAMMA 1
| #define TRNG_HAVE_LGAMMA 1
| #define HAVE_LGAMMAL 1
| #define TRNG_HAVE_LGAMMAL 1
| /* end confdefs.h.  */
| #include <stdio.h>
| #ifdef HAVE_SYS_TYPES_H
| # include <sys/types.h>
| #endif
| #ifdef HAVE_SYS_STAT_H
| # include <sys/stat.h>
| #endif
| #ifdef STDC_HEADERS
| # include <stdlib.h>
| # include <stddef.h>
| #else
| # ifdef HAVE_STDLIB_H
| #  include <stdlib.h>
| # endif
| #endif
| #ifdef HAVE_STRING_H
| # if !defined STDC_HEADERS && defined HAVE_MEMORY_H
| #  include <memory.h>
| # endif
| # include <string.h>
| #endif
| #ifdef HAVE_STRINGS_H
| # include <strings.h>
| #endif
| #ifdef HAVE_INTTYPES_H
| # include <inttypes.h>
| #endif
| #ifdef HAVE_STDINT_H
| # include <stdint.h>
| #endif
| #ifdef HAVE_UNISTD_H
| # include <unistd.h>
| #endif
| #include <tbb/parallel_for.h>
configure:15890: result: no
configure:15890: checking tbb/parallel_for.h presence
configure:15890: g++ -E  conftest.cpp
conftest.cpp:49:10: fatal error: 'tbb/parallel_for.h' file not found
#include <tbb/parallel_for.h>
         ^
1 error generated.
configure:15890: $? = 1
configure: failed program was:
| /* confdefs.h */
| #define PACKAGE_NAME "trng"
| #define PACKAGE_TARNAME "trng"
| #define PACKAGE_VERSION "4.19"
| #define PACKAGE_STRING "trng 4.19"
| #define PACKAGE_BUGREPORT "trng@mail.de"
| #define PACKAGE_URL ""
| #define PACKAGE "trng"
| #define VERSION "4.19"
| #define TRNG_VERSION 4.19
| #define STDC_HEADERS 1
| #define HAVE_SYS_TYPES_H 1
| #define HAVE_SYS_STAT_H 1
| #define HAVE_STDLIB_H 1
| #define HAVE_STRING_H 1
| #define HAVE_MEMORY_H 1
| #define HAVE_STRINGS_H 1
| #define HAVE_INTTYPES_H 1
| #define HAVE_STDINT_H 1
| #define HAVE_UNISTD_H 1
| #define HAVE_DLFCN_H 1
| #define LT_OBJDIR ".libs/"
| #define TRNG_HAVE_LONG_LONG /**/
| #define HAVE_ERFF 1
| #define TRNG_HAVE_ERFF 1
| #define HAVE_ERF 1
| #define TRNG_HAVE_ERF 1
| #define HAVE_ERFL 1
| #define TRNG_HAVE_ERFL 1
| #define HAVE_ERFCF 1
| #define TRNG_HAVE_ERFCF 1
| #define HAVE_ERFC 1
| #define TRNG_HAVE_ERFC 1
| #define HAVE_ERFCL 1
| #define TRNG_HAVE_ERFCL 1
| #define HAVE_TGAMMAF 1
| #define TRNG_HAVE_TGAMMAF 1
| #define HAVE_TGAMMA 1
| #define TRNG_HAVE_TGAMMA 1
| #define HAVE_TGAMMAL 1
| #define TRNG_HAVE_TGAMMAL 1
| #define HAVE_LGAMMAF 1
| #define TRNG_HAVE_LGAMMAF 1
| #define HAVE_LGAMMA 1
| #define TRNG_HAVE_LGAMMA 1
| #define HAVE_LGAMMAL 1
| #define TRNG_HAVE_LGAMMAL 1
| /* end confdefs.h.  */
| #include <tbb/parallel_for.h>
configure:15890: result: no
configure:15890: checking for tbb/parallel_for.h
configure:15890: result: no
configure:15900: result: Cannot find Intel Threading Building Blocks.
configure:16019: checking that generated files are newer than configure
configure:16025: result: done
configure:16052: creating ./config.status

## ---------------------- ##
## Running config.status. ##
## ---------------------- ##

This file was extended by trng config.status 4.19, which was
generated by GNU Autoconf 2.69.  Invocation command line was

  CONFIG_FILES    = 
  CONFIG_HEADERS  = 
  CONFIG_LINKS    = 
  CONFIG_COMMANDS = 
  $ ./config.status 

on 1x-nat-vl932-172-30-193-99.wireless.umass.edu

config.status:1174: creating Makefile
config.status:1174: creating trng/Makefile
config.status:1174: creating src/Makefile
config.status:1174: creating examples/Makefile
config.status:1174: creating src/config.hpp
config.status:1355: src/config.hpp is unchanged
config.status:1403: executing depfiles commands
config.status:1403: executing libtool commands

## ---------------- ##
## Cache variables. ##
## ---------------- ##

ac_cv_build=x86_64-apple-darwin16.6.0
ac_cv_c_compiler_gnu=yes
ac_cv_cxx_compiler_gnu=yes
ac_cv_cxx_long_long=yes
ac_cv_env_CCC_set=
ac_cv_env_CCC_value=
ac_cv_env_CC_set=
ac_cv_env_CC_value=
ac_cv_env_CFLAGS_set=
ac_cv_env_CFLAGS_value=
ac_cv_env_CPPFLAGS_set=
ac_cv_env_CPPFLAGS_value=
ac_cv_env_CPP_set=
ac_cv_env_CPP_value=
ac_cv_env_CXXCPP_set=
ac_cv_env_CXXCPP_value=
ac_cv_env_CXXFLAGS_set=
ac_cv_env_CXXFLAGS_value=
ac_cv_env_CXX_set=
ac_cv_env_CXX_value=
ac_cv_env_LDFLAGS_set=
ac_cv_env_LDFLAGS_value=
ac_cv_env_LIBS_set=
ac_cv_env_LIBS_value=
ac_cv_env_MPICXX_set=
ac_cv_env_MPICXX_value=
ac_cv_env_build_alias_set=
ac_cv_env_build_alias_value=
ac_cv_env_host_alias_set=
ac_cv_env_host_alias_value=
ac_cv_env_target_alias_set=
ac_cv_env_target_alias_value=
ac_cv_func_MPI_Init=no
ac_cv_func_erf=yes
ac_cv_func_erfc=yes
ac_cv_func_erfcf=yes
ac_cv_func_erfcl=yes
ac_cv_func_erff=yes
ac_cv_func_erfl=yes
ac_cv_func_lgamma=yes
ac_cv_func_lgammaf=yes
ac_cv_func_lgammal=yes
ac_cv_func_tgamma=yes
ac_cv_func_tgammaf=yes
ac_cv_func_tgammal=yes
ac_cv_header_dlfcn_h=yes
ac_cv_header_inttypes_h=yes
ac_cv_header_memory_h=yes
ac_cv_header_stdc=yes
ac_cv_header_stdint_h=yes
ac_cv_header_stdlib_h=yes
ac_cv_header_string_h=yes
ac_cv_header_strings_h=yes
ac_cv_header_sys_stat_h=yes
ac_cv_header_sys_types_h=yes
ac_cv_header_tbb_parallel_for_h=no
ac_cv_header_unistd_h=yes
ac_cv_host=x86_64-apple-darwin16.6.0
ac_cv_lib_mpi_MPI_Init=no
ac_cv_lib_mpich_MPI_Init=no
ac_cv_objext=o
ac_cv_path_EGREP='/usr/bin/grep -E'
ac_cv_path_FGREP='/usr/bin/grep -F'
ac_cv_path_GREP=/usr/bin/grep
ac_cv_path_SED=/usr/bin/sed
ac_cv_path_install='/usr/bin/install -c'
ac_cv_prog_AWK=awk
ac_cv_prog_CPP='gcc -E'
ac_cv_prog_CXXCPP='g++ -E'
ac_cv_prog_ac_ct_AR=ar
ac_cv_prog_ac_ct_CC=gcc
ac_cv_prog_ac_ct_CXX=g++
ac_cv_prog_ac_ct_DSYMUTIL=dsymutil
ac_cv_prog_ac_ct_LIPO=lipo
ac_cv_prog_ac_ct_NMEDIT=nmedit
ac_cv_prog_ac_ct_OBJDUMP=objdump
ac_cv_prog_ac_ct_OTOOL=otool
ac_cv_prog_ac_ct_RANLIB=ranlib
ac_cv_prog_ac_ct_STRIP=strip
ac_cv_prog_cc_c89=
ac_cv_prog_cc_g=yes
ac_cv_prog_cxx_g=yes
ac_cv_prog_make_make_set=yes
am_cv_CC_dependencies_compiler_type=gcc3
am_cv_CXX_dependencies_compiler_type=gcc3
am_cv_make_support_nested_variables=yes
am_cv_prog_cc_c_o=yes
ax_cv_cxx_openmp=unknown
lt_cv_apple_cc_single_mod=yes
lt_cv_ar_at_file=no
lt_cv_deplibs_check_method=pass_all
lt_cv_file_magic_cmd='$MAGIC_CMD'
lt_cv_file_magic_test_file=
lt_cv_ld_exported_symbols_list=yes
lt_cv_ld_force_load=yes
lt_cv_ld_reload_flag=-r
lt_cv_nm_interface='BSD nm'
lt_cv_objdir=.libs
lt_cv_path_LD=/Applications/Xcode.app/Contents/Developer/Toolchains/XcodeDefault.xctoolchain/usr/bin/ld
lt_cv_path_LDCXX=/Applications/Xcode.app/Contents/Developer/Toolchains/XcodeDefault.xctoolchain/usr/bin/ld
lt_cv_path_NM='/usr/bin/nm -B'
lt_cv_path_mainfest_tool=no
lt_cv_prog_compiler_c_o=yes
lt_cv_prog_compiler_c_o_CXX=yes
lt_cv_prog_compiler_pic='-fno-common -DPIC'
lt_cv_prog_compiler_pic_CXX='-fno-common -DPIC'
lt_cv_prog_compiler_pic_works=yes
lt_cv_prog_compiler_pic_works_CXX=yes
lt_cv_prog_compiler_rtti_exceptions=yes
lt_cv_prog_compiler_static_works=no
lt_cv_prog_compiler_static_works_CXX=no
lt_cv_prog_gnu_ld=no
lt_cv_prog_gnu_ldcxx=no
lt_cv_sharedlib_from_linklib_cmd='printf %s\n'
lt_cv_sys_global_symbol_pipe='sed -n -e '\''s/^.*[	 ]\([BCDEGRST][BCDEGRST]*\)[	 ][	 ]*_\([_A-Za-z][_A-Za-z0-9]*\)$/\1 _\2 \2/p'\'' | sed '\''/ __gnu_lto/d'\'''
lt_cv_sys_global_symbol_to_c_name_address='sed -n -e '\''s/^: \([^ ]*\)[ ]*$/  {\"\1\", (void *) 0},/p'\'' -e '\''s/^[BCDEGRST]* \([^ ]*\) \([^ ]*\)$/  {"\2", (void *) \&\2},/p'\'''
lt_cv_sys_global_symbol_to_c_name_address_lib_prefix='sed -n -e '\''s/^: \([^ ]*\)[ ]*$/  {\"\1\", (void *) 0},/p'\'' -e '\''s/^[BCDEGRST]* \([^ ]*\) \(lib[^ ]*\)$/  {"\2", (void *) \&\2},/p'\'' -e '\''s/^[BCDEGRST]* \([^ ]*\) \([^ ]*\)$/  {"lib\2", (void *) \&\2},/p'\'''
lt_cv_sys_global_symbol_to_cdecl='sed -n -e '\''s/^T .* \(.*\)$/extern int \1();/p'\'' -e '\''s/^[BCDEGRST]* .* \(.*\)$/extern char \1;/p'\'''
lt_cv_sys_max_cmd_len=196608
lt_cv_to_host_file_cmd=func_convert_file_noop
lt_cv_to_tool_file_cmd=func_convert_file_noop

## ----------------- ##
## Output variables. ##
## ----------------- ##

ACLOCAL='${SHELL} /Users/wenboxie/Desktop/REU/trng-4.19/missing aclocal-1.14'
AMDEPBACKSLASH='\'
AMDEP_FALSE='#'
AMDEP_TRUE=''
AMTAR='$${TAR-tar}'
AM_BACKSLASH='\'
AM_DEFAULT_V='$(AM_DEFAULT_VERBOSITY)'
AM_DEFAULT_VERBOSITY='1'
AM_V='$(V)'
AR='ar'
AUTOCONF='${SHELL} /Users/wenboxie/Desktop/REU/trng-4.19/missing autoconf'
AUTOHEADER='${SHELL} /Users/wenboxie/Desktop/REU/trng-4.19/missing autoheader'
AUTOMAKE='${SHELL} /Users/wenboxie/Desktop/REU/trng-4.19/missing automake-1.14'
AWK='awk'
BOOST_CXXFLAGS=''
CC='gcc'
CCDEPMODE='depmode=gcc3'
CFLAGS='-g -O2'
CPP='gcc -E'
CPPFLAGS=''
CXX='g++'
CXXCPP='g++ -E'
CXXDEPMODE='depmode=gcc3'
CXXFLAGS='-g -O2'
CYGPATH_W='echo'
DEFS='-DHAVE_CONFIG_H'
DEPDIR='.deps'
DLLTOOL='false'
DSYMUTIL='dsymutil'
DUMPBIN=''
ECHO_C='\c'
ECHO_N=''
ECHO_T=''
EGREP='/usr/bin/grep -E'
EXEEXT=''
FGREP='/usr/bin/grep -F'
GREP='/usr/bin/grep'
INSTALL_DATA='${INSTALL} -m 644'
INSTALL_PROGRAM='${INSTALL}'
INSTALL_SCRIPT='${INSTALL}'
INSTALL_STRIP_PROGRAM='$(install_sh) -c -s'
LD='/Applications/Xcode.app/Contents/Developer/Toolchains/XcodeDefault.xctoolchain/usr/bin/ld'
LDFLAGS=''
LIBOBJS=''
LIBS=''
LIBTOOL='$(SHELL) $(top_builddir)/libtool'
LIB_TBB=''
LIPO='lipo'
LN_S='ln -s'
LTLIBOBJS=''
MAKEINFO='${SHELL} /Users/wenboxie/Desktop/REU/trng-4.19/missing makeinfo'
MANIFEST_TOOL=':'
MKDIR_P='./install-sh -c -d'
MPICXX='g++'
MPILIBS=''
NM='/usr/bin/nm -B'
NMEDIT='nmedit'
OBJDUMP='objdump'
OBJEXT='o'
OPENMP_CXXFLAGS=''
OTOOL64=':'
OTOOL='otool'
PACKAGE='trng'
PACKAGE_BUGREPORT='trng@mail.de'
PACKAGE_NAME='trng'
PACKAGE_STRING='trng 4.19'
PACKAGE_TARNAME='trng'
PACKAGE_URL=''
PACKAGE_VERSION='4.19'
PATH_SEPARATOR=':'
RANLIB='ranlib'
SED='/usr/bin/sed'
SET_MAKE=''
SHELL='/bin/sh'
STRIP='strip'
VERSION='4.19'
ac_ct_AR='ar'
ac_ct_CC='gcc'
ac_ct_CXX='g++'
ac_ct_DUMPBIN=''
am__EXEEXT_FALSE=''
am__EXEEXT_TRUE='#'
am__fastdepCC_FALSE='#'
am__fastdepCC_TRUE=''
am__fastdepCXX_FALSE='#'
am__fastdepCXX_TRUE=''
am__include='include'
am__isrc=''
am__leading_dot='.'
am__nodep='_no'
am__quote=''
am__tar='$${TAR-tar} chof - "$$tardir"'
am__untar='$${TAR-tar} xf -'
bindir='${exec_prefix}/bin'
build='x86_64-apple-darwin16.6.0'
build_alias=''
build_cpu='x86_64'
build_os='darwin16.6.0'
build_vendor='apple'
datadir='${datarootdir}'
datarootdir='${prefix}/share'
docdir='${datarootdir}/doc/${PACKAGE_TARNAME}'
dvidir='${docdir}'
exec_prefix='${prefix}'
host='x86_64-apple-darwin16.6.0'
host_alias=''
host_cpu='x86_64'
host_os='darwin16.6.0'
host_vendor='apple'
htmldir='${docdir}'
includedir='${prefix}/include'
infodir='${datarootdir}/info'
install_sh='${SHELL} /Users/wenboxie/Desktop/REU/trng-4.19/install-sh'
libdir='${exec_prefix}/lib'
libexecdir='${exec_prefix}/libexec'
localedir='${datarootdir}/locale'
localstatedir='${prefix}/var'
mandir='${datarootdir}/man'
mkdir_p='$(MKDIR_P)'
oldincludedir='/usr/include'
pdfdir='${docdir}'
prefix='/opt/trng'
program_transform_name='s,x,x,'
psdir='${docdir}'
sbindir='${exec_prefix}/sbin'
sharedstatedir='${prefix}/com'
sysconfdir='${prefix}/etc'
target_alias=''

## ----------- ##
## confdefs.h. ##
## ----------- ##

/* confdefs.h */
#define PACKAGE_NAME "trng"
#define PACKAGE_TARNAME "trng"
#define PACKAGE_VERSION "4.19"
#define PACKAGE_STRING "trng 4.19"
#define PACKAGE_BUGREPORT "trng@mail.de"
#define PACKAGE_URL ""
#define PACKAGE "trng"
#define VERSION "4.19"
#define TRNG_VERSION 4.19
#define STDC_HEADERS 1
#define HAVE_SYS_TYPES_H 1
#define HAVE_SYS_STAT_H 1
#define HAVE_STDLIB_H 1
#define HAVE_STRING_H 1
#define HAVE_MEMORY_H 1
#define HAVE_STRINGS_H 1
#define HAVE_INTTYPES_H 1
#define HAVE_STDINT_H 1
#define HAVE_UNISTD_H 1
#define HAVE_DLFCN_H 1
#define LT_OBJDIR ".libs/"
#define TRNG_HAVE_LONG_LONG /**/
#define HAVE_ERFF 1
#define TRNG_HAVE_ERFF 1
#define HAVE_ERF 1
#define TRNG_HAVE_ERF 1
#define HAVE_ERFL 1
#define TRNG_HAVE_ERFL 1
#define HAVE_ERFCF 1
#define TRNG_HAVE_ERFCF 1
#define HAVE_ERFC 1
#define TRNG_HAVE_ERFC 1
#define HAVE_ERFCL 1
#define TRNG_HAVE_ERFCL 1
#define HAVE_TGAMMAF 1
#define TRNG_HAVE_TGAMMAF 1
#define HAVE_TGAMMA 1
#define TRNG_HAVE_TGAMMA 1
#define HAVE_TGAMMAL 1
#define TRNG_HAVE_TGAMMAL 1
#define HAVE_LGAMMAF 1
#define TRNG_HAVE_LGAMMAF 1
#define HAVE_LGAMMA 1
#define TRNG_HAVE_LGAMMA 1
#define HAVE_LGAMMAL 1
#define TRNG_HAVE_LGAMMAL 1

configure: exit 0
